#
# A fatal error has been detected by the Java Runtime Environment:
#
#  EXCEPTION_ACCESS_VIOLATION (0xc0000005) at pc=0x6e8e0b80, pid=10568, tid=12060
#
# JRE version: 7.0_17-b02
# Java VM: Java HotSpot(TM) Client VM (23.7-b01 mixed mode windows-x86 )
# Problematic frame:
# V  [jvm.dll+0x20b80]
#
# Failed to write core dump. Minidumps are not enabled by default on client versions of Windows
#
# If you would like to submit a bug report, please visit:
#   http://bugreport.sun.com/bugreport/crash.jsp
#

---------------  T H R E A D  ---------------

Current thread (0x16f63400):  JavaThread "JDWP Transport Listener: dt_socket" daemon [_thread_in_vm, id=12060, stack(0x17220000,0x17270000)]

siginfo: ExceptionCode=0xc0000005, reading address 0x00000008

Registers:
EAX=0x02dcad60, EBX=0x02dcad60, ECX=0x00000000, EDX=0x00000000
ESP=0x1726fa10, EBP=0x1726fa14, ESI=0x00000000, EDI=0x16f63400
EIP=0x6e8e0b80, EFLAGS=0x00010246

Top of Stack: (sp=0x1726fa10)
0x1726fa10:   16f63528 1726fa3c 6e9663f3 02dcad60
0x1726fa20:   16f63528 6d6ce174 6d6ce15c 16f63400
0x1726fa30:   00000000 16f63528 1726fb00 6d6ce99c
0x1726fa40:   6d6b63b2 16f63528 00c3ddbc 00000000
0x1726fa50:   1726fa74 1726fb00 179ffea8 1726fab0
0x1726fa60:   00c3ddbc 1726fa80 6d6bbd12 1726fa80
0x1726fa70:   1726fab4 6d6ce890 6d355004 6d6d2c68
0x1726fa80:   16fc54b8 0000000b 16f60000 00000013 

Instructions: (pc=0x6e8e0b80)
0x6e8e0b60:   8b 0d 48 0d bc 6e 85 c9 7e 05 8b 0c 01 eb 02 33
0x6e8e0b70:   c9 8b 15 4c 0d bc 6e 85 d2 7e 05 8b 04 02 eb 03
0x6e8e0b80:   8b 46 08 85 c0 75 0f 33 c9 50 51 e8 c0 cb 14 00
0x6e8e0b90:   83 c4 08 5e 5d c3 8d 4c 4e 0c 50 51 e8 af cb 14 


Register to memory mapping:

EAX=
[error occurred during error reporting (printing register info), id 0xc0000005]

Stack: [0x17220000,0x17270000],  sp=0x1726fa10,  free space=318k
Native frames: (J=compiled Java code, j=interpreted, Vv=VM code, C=native code)
V  [jvm.dll+0x20b80]
V  [jvm.dll+0xa63f3]


---------------  P R O C E S S  ---------------

Java Threads: ( => current thread )
  0x17795c00 JavaThread "ReaderThread" [_thread_in_native, id=9832, stack(0x17800000,0x17850000)]
  0x16f7a400 JavaThread "Service Thread" daemon [_thread_blocked, id=16376, stack(0x17360000,0x173b0000)]
  0x16f70800 JavaThread "C1 CompilerThread0" daemon [_thread_blocked, id=1404, stack(0x17310000,0x17360000)]
  0x16f67400 JavaThread "JDWP Command Reader" daemon [_thread_in_native, id=15112, stack(0x172c0000,0x17310000)]
  0x16f65c00 JavaThread "JDWP Event Helper Thread" daemon [_thread_blocked, id=9504, stack(0x17270000,0x172c0000)]
=>0x16f63400 JavaThread "JDWP Transport Listener: dt_socket" daemon [_thread_in_vm, id=12060, stack(0x17220000,0x17270000)]
  0x16f51000 JavaThread "Attach Listener" daemon [_thread_blocked, id=12780, stack(0x17170000,0x171c0000)]
  0x16f4fc00 JavaThread "Signal Dispatcher" daemon [_thread_blocked, id=15080, stack(0x17120000,0x17170000)]
  0x00c43400 JavaThread "Finalizer" daemon [_thread_blocked, id=3960, stack(0x16ed0000,0x16f20000)]
  0x00c3e000 JavaThread "Reference Handler" daemon [_thread_blocked, id=10464, stack(0x16e80000,0x16ed0000)]
  0x003ae400 JavaThread "main" [_thread_blocked, id=10372, stack(0x00b00000,0x00b50000)]

Other Threads:
  0x00c38400 VMThread [stack: 0x16e30000,0x16e80000] [id=8944]
  0x16f85800 WatcherThread [stack: 0x173b0000,0x17400000] [id=3976]

VM state:not at safepoint (normal execution)

VM Mutex/Monitor currently owned by a thread: None

Heap
 def new generation   total 4928K, used 1162K [0x02cf0000, 0x03240000, 0x08240000)
  eden space 4416K,  21% used [0x02cf0000, 0x02dde6b8, 0x03140000)
  from space 512K,  40% used [0x03140000, 0x03174390, 0x031c0000)
  to   space 512K,   0% used [0x031c0000, 0x031c0000, 0x03240000)
 tenured generation   total 10944K, used 3019K [0x08240000, 0x08cf0000, 0x12cf0000)
   the space 10944K,  27% used [0x08240000, 0x08532f78, 0x08533000, 0x08cf0000)
 compacting perm gen  total 12288K, used 5714K [0x12cf0000, 0x138f0000, 0x16cf0000)
   the space 12288K,  46% used [0x12cf0000, 0x13284858, 0x13284a00, 0x138f0000)
No shared spaces configured.

Card table byte_map: [0x16cf0000,0x16da0000] byte_map_base: 0x16cd9880

Polling page: 0x003e0000

Code Cache  [0x00c70000, 0x00d80000, 0x02c70000)
 total_blobs=444 nmethods=281 adapters=106 free_code_cache=31705Kb largest_free_block=32466240

Compilation events (10 events):
Event: 3.463 Thread 0x16f70800  272  s          java.lang.Throwable::getOurStackTrace (80 bytes)
Event: 3.463 Thread 0x16f70800 nmethod 272 0x00d77c48 code [0x00d77d70, 0x00d78138]
Event: 3.479 Thread 0x16f70800  274             java.util.concurrent.ConcurrentLinkedQueue::size (41 bytes)
Event: 3.480 Thread 0x16f70800 nmethod 274 0x00d78348 code [0x00d78450, 0x00d7853c]
Event: 3.480 Thread 0x16f70800  275             java.util.concurrent.ConcurrentLinkedQueue::succ (19 bytes)
Event: 3.480 Thread 0x16f70800 nmethod 275 0x00d78608 code [0x00d78700, 0x00d78790]
Event: 3.481 Thread 0x16f70800  276             java.util.LinkedHashMap::get (25 bytes)
Event: 3.481 Thread 0x16f70800 nmethod 276 0x00d78a88 code [0x00d78ba0, 0x00d78d1c]
Event: 3.520 Thread 0x16f70800  278             java.util.Properties::loadConvert (505 bytes)
Event: 3.520 Thread 0x16f70800 nmethod 278 0x00d78f48 code [0x00d79090, 0x00d79518]

GC Heap History (10 events):
Event: 2.171 GC heap before
{Heap before GC invocations=1 (full 0):
 def new generation   total 4928K, used 4928K [0x02cf0000, 0x03240000, 0x08240000)
  eden space 4416K, 100% used [0x02cf0000, 0x03140000, 0x03140000)
  from space 512K, 100% used [0x031c0000, 0x03240000, 0x03240000)
  to   space 512K,   0% used [0x03140000, 0x03140000, 0x031c0000)
 tenured generation   total 10944K, used 810K [0x08240000, 0x08cf0000, 0x12cf0000)
   the space 10944K,   7% used [0x08240000, 0x0830ab80, 0x0830ac00, 0x08cf0000)
 compacting perm gen  total 12288K, used 2729K [0x12cf0000, 0x138f0000, 0x16cf0000)
   the space 12288K,  22% used [0x12cf0000, 0x12f9a658, 0x12f9a800, 0x138f0000)
No shared spaces configured.
Event: 2.176 GC heap after
Heap after GC invocations=2 (full 0):
 def new generation   total 4928K, used 435K [0x02cf0000, 0x03240000, 0x08240000)
  eden space 4416K,   0% used [0x02cf0000, 0x02cf0000, 0x03140000)
  from space 512K,  85% used [0x03140000, 0x031acce8, 0x031c0000)
  to   space 512K,   0% used [0x031c0000, 0x031c0000, 0x03240000)
 tenured generation   total 10944K, used 1302K [0x08240000, 0x08cf0000, 0x12cf0000)
   the space 10944K,  11% used [0x08240000, 0x083859c0, 0x08385a00, 0x08cf0000)
 compacting perm gen  total 12288K, used 2729K [0x12cf0000, 0x138f0000, 0x16cf0000)
   the space 12288K,  22% used [0x12cf0000, 0x12f9a658, 0x12f9a800, 0x138f0000)
No shared spaces configured.
}
Event: 2.471 GC heap before
{Heap before GC invocations=2 (full 0):
 def new generation   total 4928K, used 4850K [0x02cf0000, 0x03240000, 0x08240000)
  eden space 4416K,  99% used [0x02cf0000, 0x0313fe40, 0x03140000)
  from space 512K,  85% used [0x03140000, 0x031acce8, 0x031c0000)
  to   space 512K,   0% used [0x031c0000, 0x031c0000, 0x03240000)
 tenured generation   total 10944K, used 1302K [0x08240000, 0x08cf0000, 0x12cf0000)
   the space 10944K,  11% used [0x08240000, 0x083859c0, 0x08385a00, 0x08cf0000)
 compacting perm gen  total 12288K, used 3157K [0x12cf0000, 0x138f0000, 0x16cf0000)
   the space 12288K,  25% used [0x12cf0000, 0x130055a0, 0x13005600, 0x138f0000)
No shared spaces configured.
Event: 2.475 GC heap after
Heap after GC invocations=3 (full 0):
 def new generation   total 4928K, used 512K [0x02cf0000, 0x03240000, 0x08240000)
  eden space 4416K,   0% used [0x02cf0000, 0x02cf0000, 0x03140000)
  from space 512K, 100% used [0x031c0000, 0x03240000, 0x03240000)
  to   space 512K,   0% used [0x03140000, 0x03140000, 0x031c0000)
 tenured generation   total 10944K, used 1673K [0x08240000, 0x08cf0000, 0x12cf0000)
   the space 10944K,  15% used [0x08240000, 0x083e24c8, 0x083e2600, 0x08cf0000)
 compacting perm gen  total 12288K, used 3157K [0x12cf0000, 0x138f0000, 0x16cf0000)
   the space 12288K,  25% used [0x12cf0000, 0x130055a0, 0x13005600, 0x138f0000)
No shared spaces configured.
}
Event: 3.156 GC heap before
{Heap before GC invocations=3 (full 0):
 def new generation   total 4928K, used 4928K [0x02cf0000, 0x03240000, 0x08240000)
  eden space 4416K, 100% used [0x02cf0000, 0x03140000, 0x03140000)
  from space 512K, 100% used [0x031c0000, 0x03240000, 0x03240000)
  to   space 512K,   0% used [0x03140000, 0x03140000, 0x031c0000)
 tenured generation   total 10944K, used 1673K [0x08240000, 0x08cf0000, 0x12cf0000)
   the space 10944K,  15% used [0x08240000, 0x083e24c8, 0x083e2600, 0x08cf0000)
 compacting perm gen  total 12288K, used 5008K [0x12cf0000, 0x138f0000, 0x16cf0000)
   the space 12288K,  40% used [0x12cf0000, 0x131d41e0, 0x131d4200, 0x138f0000)
No shared spaces configured.
Event: 3.162 GC heap after
Heap after GC invocations=4 (full 0):
 def new generation   total 4928K, used 512K [0x02cf0000, 0x03240000, 0x08240000)
  eden space 4416K,   0% used [0x02cf0000, 0x02cf0000, 0x03140000)
  from space 512K, 100% used [0x03140000, 0x031c0000, 0x031c0000)
  to   space 512K,   0% used [0x031c0000, 0x031c0000, 0x03240000)
 tenured generation   total 10944K, used 2288K [0x08240000, 0x08cf0000, 0x12cf0000)
   the space 10944K,  20% used [0x08240000, 0x0847c358, 0x0847c400, 0x08cf0000)
 compacting perm gen  total 12288K, used 5008K [0x12cf0000, 0x138f0000, 0x16cf0000)
   the space 12288K,  40% used [0x12cf0000, 0x131d41e0, 0x131d4200, 0x138f0000)
No shared spaces configured.
}
Event: 3.310 GC heap before
{Heap before GC invocations=4 (full 0):
 def new generation   total 4928K, used 4928K [0x02cf0000, 0x03240000, 0x08240000)
  eden space 4416K, 100% used [0x02cf0000, 0x03140000, 0x03140000)
  from space 512K, 100% used [0x03140000, 0x031c0000, 0x031c0000)
  to   space 512K,   0% used [0x031c0000, 0x031c0000, 0x03240000)
 tenured generation   total 10944K, used 2288K [0x08240000, 0x08cf0000, 0x12cf0000)
   the space 10944K,  20% used [0x08240000, 0x0847c358, 0x0847c400, 0x08cf0000)
 compacting perm gen  total 12288K, used 5522K [0x12cf0000, 0x138f0000, 0x16cf0000)
   the space 12288K,  44% used [0x12cf0000, 0x132549c0, 0x13254a00, 0x138f0000)
No shared spaces configured.
Event: 3.315 GC heap after
Heap after GC invocations=5 (full 0):
 def new generation   total 4928K, used 512K [0x02cf0000, 0x03240000, 0x08240000)
  eden space 4416K,   0% used [0x02cf0000, 0x02cf0000, 0x03140000)
  from space 512K, 100% used [0x031c0000, 0x03240000, 0x03240000)
  to   space 512K,   0% used [0x03140000, 0x03140000, 0x031c0000)
 tenured generation   total 10944K, used 2906K [0x08240000, 0x08cf0000, 0x12cf0000)
   the space 10944K,  26% used [0x08240000, 0x08516ab0, 0x08516c00, 0x08cf0000)
 compacting perm gen  total 12288K, used 5522K [0x12cf0000, 0x138f0000, 0x16cf0000)
   the space 12288K,  44% used [0x12cf0000, 0x132549c0, 0x13254a00, 0x138f0000)
No shared spaces configured.
}
Event: 3.469 GC heap before
{Heap before GC invocations=5 (full 0):
 def new generation   total 4928K, used 4928K [0x02cf0000, 0x03240000, 0x08240000)
  eden space 4416K, 100% used [0x02cf0000, 0x03140000, 0x03140000)
  from space 512K, 100% used [0x031c0000, 0x03240000, 0x03240000)
  to   space 512K,   0% used [0x03140000, 0x03140000, 0x031c0000)
 tenured generation   total 10944K, used 2906K [0x08240000, 0x08cf0000, 0x12cf0000)
   the space 10944K,  26% used [0x08240000, 0x08516ab0, 0x08516c00, 0x08cf0000)
 compacting perm gen  total 12288K, used 5671K [0x12cf0000, 0x138f0000, 0x16cf0000)
   the space 12288K,  46% used [0x12cf0000, 0x13279d70, 0x13279e00, 0x138f0000)
No shared spaces configured.
Event: 3.472 GC heap after
Heap after GC invocations=6 (full 0):
 def new generation   total 4928K, used 208K [0x02cf0000, 0x03240000, 0x08240000)
  eden space 4416K,   0% used [0x02cf0000, 0x02cf0000, 0x03140000)
  from space 512K,  40% used [0x03140000, 0x03174390, 0x031c0000)
  to   space 512K,   0% used [0x031c0000, 0x031c0000, 0x03240000)
 tenured generation   total 10944K, used 3019K [0x08240000, 0x08cf0000, 0x12cf0000)
   the space 10944K,  27% used [0x08240000, 0x08532f78, 0x08533000, 0x08cf0000)
 compacting perm gen  total 12288K, used 5671K [0x12cf0000, 0x138f0000, 0x16cf0000)
   the space 12288K,  46% used [0x12cf0000, 0x13279d70, 0x13279e00, 0x138f0000)
No shared spaces configured.
}

Deoptimization events (0 events):
No events

Internal exceptions (10 events):
Event: 3.440 Thread 0x003ae400 Threw 0x02e64ce8 at C:\jdk7u2_32P\jdk7u17\hotspot\src\share\vm\prims\jvm.cpp:1166
Event: 3.443 Thread 0x003ae400 Threw 0x02e76598 at C:\jdk7u2_32P\jdk7u17\hotspot\src\share\vm\prims\jvm.cpp:1166
Event: 3.444 Thread 0x003ae400 Threw 0x02e7e2c8 at C:\jdk7u2_32P\jdk7u17\hotspot\src\share\vm\prims\jvm.cpp:1166
Event: 3.444 Thread 0x003ae400 Threw 0x02e93840 at C:\jdk7u2_32P\jdk7u17\hotspot\src\share\vm\prims\jvm.cpp:1166
Event: 3.483 Thread 0x003ae400 Threw 0x02d89398 at C:\jdk7u2_32P\jdk7u17\hotspot\src\share\vm\prims\jvm.cpp:1166
Event: 3.484 Thread 0x003ae400 Threw 0x02d9f000 at C:\jdk7u2_32P\jdk7u17\hotspot\src\share\vm\prims\jvm.cpp:1166
Event: 3.484 Thread 0x003ae400 Threw 0x02da0978 at C:\jdk7u2_32P\jdk7u17\hotspot\src\share\vm\prims\jvm.cpp:1166
Event: 3.522 Thread 0x003ae400 Threw 0x02daf730 at C:\jdk7u2_32P\jdk7u17\hotspot\src\share\vm\prims\jvm.cpp:1166
Event: 3.523 Thread 0x003ae400 Threw 0x02dbba88 at C:\jdk7u2_32P\jdk7u17\hotspot\src\share\vm\prims\jvm.cpp:1166
Event: 3.524 Thread 0x003ae400 Threw 0x02dc3de8 at C:\jdk7u2_32P\jdk7u17\hotspot\src\share\vm\prims\jvm.cpp:1166

Events (10 events):
Event: 512.803 Executing VM operation: ChangeSingleStep
Event: 512.803 Executing VM operation: ChangeSingleStep done
Event: 512.815 Executing VM operation: GetOrSetLocal
Event: 512.815 Executing VM operation: GetOrSetLocal done
Event: 512.816 Executing VM operation: GetOrSetLocal
Event: 512.816 Executing VM operation: GetOrSetLocal done
Event: 513.120 Executing VM operation: GetOrSetLocal
Event: 513.120 Executing VM operation: GetOrSetLocal done
Event: 513.120 Executing VM operation: GetOrSetLocal
Event: 513.120 Executing VM operation: GetOrSetLocal done


Dynamic libraries:
0x00400000 - 0x0042f000 	C:\Program Files\Java\jdk1.7.0_17\bin\javaw.exe
0x7c900000 - 0x7c9b2000 	C:\WINDOWS\system32\ntdll.dll
0x7c800000 - 0x7c8f6000 	C:\WINDOWS\system32\kernel32.dll
0x77dd0000 - 0x77e6b000 	C:\WINDOWS\system32\ADVAPI32.dll
0x77e70000 - 0x77f03000 	C:\WINDOWS\system32\RPCRT4.dll
0x77fe0000 - 0x77ff1000 	C:\WINDOWS\system32\Secur32.dll
0x7e410000 - 0x7e4a1000 	C:\WINDOWS\system32\USER32.dll
0x77f10000 - 0x77f59000 	C:\WINDOWS\system32\GDI32.dll
0x773d0000 - 0x774d3000 	C:\WINDOWS\WinSxS\x86_Microsoft.Windows.Common-Controls_6595b64144ccf1df_6.0.2600.6028_x-ww_61e65202\COMCTL32.dll
0x77c10000 - 0x77c68000 	C:\WINDOWS\system32\msvcrt.dll
0x77f60000 - 0x77fd6000 	C:\WINDOWS\system32\SHLWAPI.dll
0x76390000 - 0x763ad000 	C:\WINDOWS\system32\IMM32.DLL
0x78aa0000 - 0x78b5e000 	C:\Program Files\Java\jdk1.7.0_17\jre\bin\msvcr100.dll
0x6e8c0000 - 0x6ec0c000 	C:\Program Files\Java\jdk1.7.0_17\jre\bin\client\jvm.dll
0x71ad0000 - 0x71ad9000 	C:\WINDOWS\system32\WSOCK32.dll
0x71ab0000 - 0x71ac7000 	C:\WINDOWS\system32\WS2_32.dll
0x71aa0000 - 0x71aa8000 	C:\WINDOWS\system32\WS2HELP.dll
0x76b40000 - 0x76b6d000 	C:\WINDOWS\system32\WINMM.dll
0x76bf0000 - 0x76bfb000 	C:\WINDOWS\system32\PSAPI.DLL
0x6e810000 - 0x6e81c000 	C:\Program Files\Java\jdk1.7.0_17\jre\bin\verify.dll
0x6d590000 - 0x6d5b0000 	C:\Program Files\Java\jdk1.7.0_17\jre\bin\java.dll
0x6d6b0000 - 0x6d6da000 	C:\Program Files\Java\jdk1.7.0_17\jre\bin\jdwp.dll
0x6e660000 - 0x6e667000 	C:\Program Files\Java\jdk1.7.0_17\jre\bin\npt.dll
0x6e8a0000 - 0x6e8b3000 	C:\Program Files\Java\jdk1.7.0_17\jre\bin\zip.dll
0x6d350000 - 0x6d358000 	C:\Program Files\Java\jdk1.7.0_17\jre\bin\dt_socket.dll
0x71a50000 - 0x71a8f000 	C:\WINDOWS\System32\mswsock.dll
0x76f20000 - 0x76f47000 	C:\WINDOWS\system32\DNSAPI.dll
0x76d60000 - 0x76d79000 	C:\WINDOWS\system32\iphlpapi.dll
0x76fb0000 - 0x76fb8000 	C:\WINDOWS\System32\winrnr.dll
0x76f60000 - 0x76f8c000 	C:\WINDOWS\system32\WLDAP32.dll
0x76fc0000 - 0x76fc6000 	C:\WINDOWS\system32\rasadhlp.dll
0x662b0000 - 0x66308000 	C:\WINDOWS\system32\hnetcfg.dll
0x71a90000 - 0x71a98000 	C:\WINDOWS\System32\wshtcpip.dll
0x6e5b0000 - 0x6e5c4000 	C:\Program Files\Java\jdk1.7.0_17\jre\bin\net.dll
0x6e510000 - 0x6e51a000 	C:\Program Files\Java\jdk1.7.0_17\jre\bin\management.dll
0x6e5d0000 - 0x6e5de000 	C:\Program Files\Java\jdk1.7.0_17\jre\bin\nio.dll
0x59a60000 - 0x59b01000 	C:\WINDOWS\system32\dbghelp.dll
0x77c00000 - 0x77c08000 	C:\WINDOWS\system32\VERSION.dll

VM Arguments:
jvm_args: -agentlib:jdwp=transport=dt_socket,suspend=y,address=localhost:46875 -Dfile.encoding=Cp1252 
java_command: org.eclipse.jdt.internal.junit.runner.RemoteTestRunner -version 3 -port 46874 -testLoaderClass org.eclipse.jdt.internal.junit4.runner.JUnit4TestLoader -loaderpluginname org.eclipse.jdt.junit4.runtime -test ut.com.ddowney.plugins.pdf2img.WritingTest:testFileExists
Launcher Type: SUN_STANDARD

Environment Variables:
JAVA_HOME=C:\Program Files\Java\jdk1.7.0_17
PATH=C:\Program Files\Java\jdk1.7.0_17\jre\bin;C:/Program Files/Java/jre7/bin/client;C:/Program Files/Java/jre7/bin;C:/Program Files/Java/jre7/lib/i386;C:\Program Files\Haskell\bin;C:\Program Files\Haskell Platform\2013.2.0.0\lib\extralibs\bin;C:\Program Files\Haskell Platform\2013.2.0.0\bin;C:\Ruby200\bin;c:\program files\imagemagick-6.3.9-q16;C:\Python33\;C:\Program Files\MiKTeX 2.9\miktex\bin;C:\WINDOWS\system32;C:\WINDOWS;C:\WINDOWS\System32\Wbem;C:\Program Files\7zip_cli;C:\Program Files\VanDyke Software\Clients\;C:\Program Files\gs\gs8.71\bin\gs;C:\Program Files\Windows Imaging\;C:\Program Files\TortoiseSVN\bin;C:\wamp\bin\php\php-5.4.3;C:\wamp\bin\php\php-5.4.3\ext;c:\Program Files\Microsoft SQL Server\100\Tools\Binn\;c:\Program Files\Microsoft SQL Server\100\DTS\Binn\;C:\Program Files\Lua\5.1;C:\Program Files\Lua\5.1\clibs;C:\strawberry\c\bin;C:\strawberry\perl\site\bin;C:\strawberry\perl\bin;C:\Program Files\Haskell Platform\2013.2.0.0\mingw\bin;C:\Documents and Settings\ddowney\Application Data\cabal\bin;C:\Program Files\ImageMagick-6.3.9-Q16\jmagick.dll;C:\Documents and Settings\ddowney\My Documents\jnotify-lib-0.94;C:\Program Files\Nmap;C:\Program Files\gs\gs9.05\bin\gsdll32.dll;C:\AtlassianSDK\atlassian-plugin-sdk\bin;C:\Documents and Settings\ddowney\My Documents\eclipse;
USERNAME=ddowney
OS=Windows_NT
PROCESSOR_IDENTIFIER=x86 Family 6 Model 15 Stepping 13, GenuineIntel



---------------  S Y S T E M  ---------------

OS: Windows XP Build 2600 Service Pack 3

CPU:total 2 (2 cores per cpu, 1 threads per core) family 6 model 15 stepping 13, cmov, cx8, fxsr, mmx, sse, sse2, sse3, ssse3, tsc

Memory: 4k page, physical 2061860k(406068k free), swap 3999744k(1865896k free)

vm_info: Java HotSpot(TM) Client VM (23.7-b01) for windows-x86 JRE (1.7.0_17-b02), built on Mar  1 2013 05:04:36 by "java_re" with unknown MS VC++:1600

time: Mon Jul 22 11:16:11 2013
elapsed time: 513 seconds

